<?xml version="1.0" encoding="UTF-8"?>
<testng-results ignored="0" total="1" passed="1" failed="0" skipped="0">
  <reporter-output>
    <line>
      <![CDATA[PASS -- Firefox browser launched successfully]]>
    </line>
    <line>
      <![CDATA[PASS -- Application launched successfully]]>
    </line>
    <line>
      <![CDATA[PASS -- Log in page displayed successfully]]>
    </line>
    <line>
      <![CDATA[PASS --  Click on the Order history button]]>
    </line>
    <line>
      <![CDATA[PASS -- Order History page is displayed successfully]]>
    </line>
    <line>
      <![CDATA[PASS -- Click on the My Account link]]>
    </line>
    <line>
      <![CDATA[PASS -- My Account page is displayed successfully]]>
    </line>
    <line>
      <![CDATA[PASS --  Click on the My Personal Information button]]>
    </line>
    <line>
      <![CDATA[PASS -- My Personal information page is displayed successfully]]>
    </line>
    <line>
      <![CDATA[PASS -- Click on the My Account link]]>
    </line>
    <line>
      <![CDATA[PASS -- My Account page is displayed successfully]]>
    </line>
    <line>
      <![CDATA[PASS -- User is logged out successfully]]>
    </line>
  </reporter-output>
  <suite started-at="2021-06-20T19:50:25Z" name="Default suite" finished-at="2021-06-20T19:50:47Z" duration-ms="21341">
    <groups>
    </groups>
    <test started-at="2021-06-20T19:50:25Z" name="Default test" finished-at="2021-06-20T19:50:47Z" duration-ms="21341">
      <class name="com.ramesh.seleniumPractice.basics.day1.NavigationPageVerificationTestCases">
        <test-method signature="myAccountPagevalidation()[pri:0, instance:com.ramesh.seleniumPractice.basics.day1.NavigationPageVerificationTestCases@117e949d]" started-at="2021-06-20T19:50:25Z" name="myAccountPagevalidation" finished-at="2021-06-20T19:50:47Z" duration-ms="21314" status="PASS">
          <reporter-output>
            <line>
              <![CDATA[PASS -- Firefox browser launched successfully]]>
            </line>
            <line>
              <![CDATA[PASS -- Application launched successfully]]>
            </line>
            <line>
              <![CDATA[PASS -- Log in page displayed successfully]]>
            </line>
            <line>
              <![CDATA[PASS --  Click on the Order history button]]>
            </line>
            <line>
              <![CDATA[PASS -- Order History page is displayed successfully]]>
            </line>
            <line>
              <![CDATA[PASS -- Click on the My Account link]]>
            </line>
            <line>
              <![CDATA[PASS -- My Account page is displayed successfully]]>
            </line>
            <line>
              <![CDATA[PASS --  Click on the My Personal Information button]]>
            </line>
            <line>
              <![CDATA[PASS -- My Personal information page is displayed successfully]]>
            </line>
            <line>
              <![CDATA[PASS -- Click on the My Account link]]>
            </line>
            <line>
              <![CDATA[PASS -- My Account page is displayed successfully]]>
            </line>
            <line>
              <![CDATA[PASS -- User is logged out successfully]]>
            </line>
          </reporter-output>
        </test-method> <!-- myAccountPagevalidation -->
      </class> <!-- com.ramesh.seleniumPractice.basics.day1.NavigationPageVerificationTestCases -->
    </test> <!-- Default test -->
  </suite> <!-- Default suite -->
</testng-results>
